# JRE version: OpenJDK Runtime Environment (11.0.8+10) (build 11.0.8+10-b944.6842174)
# Java VM: OpenJDK 64-Bit Server VM (11.0.8+10-b944.6842174, mixed mode, tiered, compressed oops, g1 gc, windows-amd64)
Heap:
 garbage-first heap   total 315392K, used 81920K [0x0000000701c00000, 0x0000000800000000)
  region size 1024K, 34 young (34816K), 12 survivors (12288K)
 Metaspace       used 77391K, capacity 78129K, committed 78308K, reserved 1118208K
  class space    used 8772K, capacity 9048K, committed 9088K, reserved 1048576K
GC Heap History (16 events):
Event: 0.357 GC heap before
{Heap before GC invocations=0 (full 0):
 garbage-first heap   total 262144K, used 17408K [0x0000000701c00000, 0x0000000800000000)
  region size 1024K, 14 young (14336K), 0 survivors (0K)
 Metaspace       used 9939K, capacity 10054K, committed 10112K, reserved 1058816K
  class space    used 844K, capacity 861K, committed 896K, reserved 1048576K
}
Event: 0.359 GC heap after
{Heap after GC invocations=1 (full 0):
 garbage-first heap   total 262144K, used 5353K [0x0000000701c00000, 0x0000000800000000)
  region size 1024K, 2 young (2048K), 2 survivors (2048K)
 Metaspace       used 9939K, capacity 10054K, committed 10112K, reserved 1058816K
  class space    used 844K, capacity 861K, committed 896K, reserved 1048576K
}
Event: 1.014 GC heap before
{Heap before GC invocations=1 (full 0):
 garbage-first heap   total 262144K, used 51433K [0x0000000701c00000, 0x0000000800000000)
  region size 1024K, 48 young (49152K), 2 survivors (2048K)
 Metaspace       used 20957K, capacity 21190K, committed 21248K, reserved 1069056K
  class space    used 2228K, capacity 2292K, committed 2304K, reserved 1048576K
}
Event: 1.023 GC heap after
{Heap after GC invocations=2 (full 0):
 garbage-first heap   total 262144K, used 9330K [0x0000000701c00000, 0x0000000800000000)
  region size 1024K, 6 young (6144K), 6 survivors (6144K)
 Metaspace       used 20957K, capacity 21190K, committed 21248K, reserved 1069056K
  class space    used 2228K, capacity 2292K, committed 2304K, reserved 1048576K
}
Event: 1.706 GC heap before
{Heap before GC invocations=3 (full 0):
 garbage-first heap   total 262144K, used 64626K [0x0000000701c00000, 0x0000000800000000)
  region size 1024K, 51 young (52224K), 6 survivors (6144K)
 Metaspace       used 30489K, capacity 30916K, committed 30976K, reserved 1077248K
  class space    used 3637K, capacity 3802K, committed 3840K, reserved 1048576K
}
Event: 1.716 GC heap after
{Heap after GC invocations=4 (full 0):
 garbage-first heap   total 262144K, used 21080K [0x0000000701c00000, 0x0000000800000000)
  region size 1024K, 7 young (7168K), 7 survivors (7168K)
 Metaspace       used 30489K, capacity 30916K, committed 30976K, reserved 1077248K
  class space    used 3637K, capacity 3802K, committed 3840K, reserved 1048576K
}
Event: 2.036 GC heap before
{Heap before GC invocations=4 (full 0):
 garbage-first heap   total 262144K, used 47704K [0x0000000701c00000, 0x0000000800000000)
  region size 1024K, 34 young (34816K), 7 survivors (7168K)
 Metaspace       used 35345K, capacity 35724K, committed 35840K, reserved 1081344K
  class space    used 4154K, capacity 4293K, committed 4352K, reserved 1048576K
}
Event: 2.051 GC heap after
{Heap after GC invocations=5 (full 0):
 garbage-first heap   total 262144K, used 22426K [0x0000000701c00000, 0x0000000800000000)
  region size 1024K, 4 young (4096K), 4 survivors (4096K)
 Metaspace       used 35345K, capacity 35724K, committed 35840K, reserved 1081344K
  class space    used 4154K, capacity 4293K, committed 4352K, reserved 1048576K
}
Event: 2.734 GC heap before
{Heap before GC invocations=6 (full 0):
 garbage-first heap   total 262144K, used 81818K [0x0000000701c00000, 0x0000000800000000)
  region size 1024K, 59 young (60416K), 4 survivors (4096K)
 Metaspace       used 44550K, capacity 45056K, committed 45184K, reserved 1089536K
  class space    used 5275K, capacity 5479K, committed 5504K, reserved 1048576K
}
Event: 2.745 GC heap after
{Heap after GC invocations=7 (full 0):
 garbage-first heap   total 315392K, used 32768K [0x0000000701c00000, 0x0000000800000000)
  region size 1024K, 8 young (8192K), 8 survivors (8192K)
 Metaspace       used 44550K, capacity 45056K, committed 45184K, reserved 1089536K
  class space    used 5275K, capacity 5479K, committed 5504K, reserved 1048576K
}
Event: 3.426 GC heap before
{Heap before GC invocations=7 (full 0):
 garbage-first heap   total 315392K, used 78848K [0x0000000701c00000, 0x0000000800000000)
  region size 1024K, 53 young (54272K), 8 survivors (8192K)
 Metaspace       used 49845K, capacity 50339K, committed 50560K, reserved 1093632K
  class space    used 5763K, capacity 5978K, committed 6016K, reserved 1048576K
}
Event: 3.436 GC heap after
{Heap after GC invocations=8 (full 0):
 garbage-first heap   total 315392K, used 36119K [0x0000000701c00000, 0x0000000800000000)
  region size 1024K, 6 young (6144K), 6 survivors (6144K)
 Metaspace       used 49845K, capacity 50339K, committed 50560K, reserved 1093632K
  class space    used 5763K, capacity 5978K, committed 6016K, reserved 1048576K
}
Event: 5.162 GC heap before
{Heap before GC invocations=8 (full 0):
 garbage-first heap   total 315392K, used 132375K [0x0000000701c00000, 0x0000000800000000)
  region size 1024K, 101 young (103424K), 6 survivors (6144K)
 Metaspace       used 59433K, capacity 60098K, committed 60160K, reserved 1101824K
  class space    used 6891K, capacity 7156K, committed 7168K, reserved 1048576K
}
Event: 5.179 GC heap after
{Heap after GC invocations=9 (full 0):
 garbage-first heap   total 315392K, used 47922K [0x0000000701c00000, 0x0000000800000000)
  region size 1024K, 14 young (14336K), 14 survivors (14336K)
 Metaspace       used 59433K, capacity 60098K, committed 60160K, reserved 1101824K
  class space    used 6891K, capacity 7156K, committed 7168K, reserved 1048576K
}
Event: 7.316 GC heap before
{Heap before GC invocations=10 (full 0):
 garbage-first heap   total 315392K, used 171826K [0x0000000701c00000, 0x0000000800000000)
  region size 1024K, 135 young (138240K), 14 survivors (14336K)
 Metaspace       used 74774K, capacity 75461K, committed 75748K, reserved 1116160K
  class space    used 8532K, capacity 8821K, committed 8832K, reserved 1048576K
}
Event: 7.380 GC heap after
{Heap after GC invocations=11 (full 0):
 garbage-first heap   total 315392K, used 60416K [0x0000000701c00000, 0x0000000800000000)
  region size 1024K, 12 young (12288K), 12 survivors (12288K)
 Metaspace       used 74774K, capacity 75461K, committed 75748K, reserved 1116160K
  class space    used 8532K, capacity 8821K, committed 8832K, reserved 1048576K
}

